<?xml version="1.0" encoding="UTF-8"?>
<!-- Generated by org.testng.reporters.JUnitXMLReporter -->
<testsuite ignored="0" hostname="DESKTOP-8G6OKCB" failures="3" tests="3" name="AjaxLoaderTest" time="21.723" errors="0" timestamp="2024-06-27T07:53:47 IST">
  <testcase classname="regression.AjaxLoaderTest" name="verifyAjaxLoadedComponent" time="0.032">
    <failure type="java.lang.NullPointerException">
      <![CDATA[java.lang.NullPointerException
at pages.AjaxLoaderPage.getAjaxLoaderLink(AjaxLoaderPage.java:29)
at regression.AjaxLoaderTest.verifyAjaxLoadedComponent(AjaxLoaderTest.java:21)
at java.base/java.util.concurrent.Executors$RunnableAdapter.call(Executors.java:515)
at java.base/java.util.concurrent.FutureTask.run(FutureTask.java:264)
at java.base/java.util.concurrent.ThreadPoolExecutor.runWorker(ThreadPoolExecutor.java:1128)
at java.base/java.util.concurrent.ThreadPoolExecutor$Worker.run(ThreadPoolExecutor.java:628)
at java.base/java.lang.Thread.run(Thread.java:834)
... Removed 13 stack frames]]>
    </failure>
  </testcase> <!-- verifyAjaxLoadedComponent -->
  <testcase classname="regression.AjaxLoaderTest" name="verifyAjaxLoadedComponent" time="0.001">
    <failure type="java.lang.NullPointerException">
      <![CDATA[java.lang.NullPointerException
at pages.AjaxLoaderPage.getAjaxLoaderLink(AjaxLoaderPage.java:29)
at regression.AjaxLoaderTest.verifyAjaxLoadedComponent(AjaxLoaderTest.java:21)
at java.base/java.util.concurrent.Executors$RunnableAdapter.call(Executors.java:515)
at java.base/java.util.concurrent.FutureTask.run(FutureTask.java:264)
at java.base/java.util.concurrent.ThreadPoolExecutor.runWorker(ThreadPoolExecutor.java:1128)
at java.base/java.util.concurrent.ThreadPoolExecutor$Worker.run(ThreadPoolExecutor.java:628)
at java.base/java.lang.Thread.run(Thread.java:834)
... Removed 13 stack frames]]>
    </failure>
  </testcase> <!-- verifyAjaxLoadedComponent -->
  <testcase classname="regression.AjaxLoaderTest" name="verifyAjaxLoadedComponent" time="0.001">
    <failure type="java.lang.NullPointerException">
      <![CDATA[java.lang.NullPointerException
at pages.AjaxLoaderPage.getAjaxLoaderLink(AjaxLoaderPage.java:29)
at regression.AjaxLoaderTest.verifyAjaxLoadedComponent(AjaxLoaderTest.java:21)
at java.base/java.util.concurrent.Executors$RunnableAdapter.call(Executors.java:515)
at java.base/java.util.concurrent.FutureTask.run(FutureTask.java:264)
at java.base/java.util.concurrent.ThreadPoolExecutor.runWorker(ThreadPoolExecutor.java:1128)
at java.base/java.util.concurrent.ThreadPoolExecutor$Worker.run(ThreadPoolExecutor.java:628)
at java.base/java.lang.Thread.run(Thread.java:834)
... Removed 13 stack frames]]>
    </failure>
  </testcase> <!-- verifyAjaxLoadedComponent -->
</testsuite> <!-- AjaxLoaderTest -->
