<?xml version="1.0" encoding="UTF-8"?>
<testng-results total="2" passed="2" failed="0" skipped="0">
  <reporter-output>
  </reporter-output>
  <suite started-at="2024-06-29T06:24:05Z" name="testsuite" finished-at="2024-06-29T06:24:26Z" duration-ms="21273">
    <groups>
      <group name="cucumber">
        <method signature="AbstractTestNGCucumberTests.runScenario(io.cucumber.testng.PickleWrapper, io.cucumber.testng.FeatureWrapper)[pri:0, instance:runner.TestRunner@57250572]" name="runScenario" class="io.cucumber.testng.AbstractTestNGCucumberTests"/>
      </group> <!-- cucumber -->
    </groups>
    <test started-at="2024-06-29T06:24:05Z" name="Resgres_UpdateUser" finished-at="2024-06-29T06:24:26Z" duration-ms="21273">
      <class name="runner.TestRunner">
        <test-method is-config="true" signature="setUpClass(org.testng.ITestContext)[pri:0, instance:runner.TestRunner@57250572]" started-at="2024-06-29T11:54:05Z" name="setUpClass" finished-at="2024-06-29T11:54:07Z" duration-ms="2043" status="PASS">
          <params>
            <param index="0">
              <value>
                <![CDATA[org.testng.TestRunner@759d26fb]]>
              </value>
            </param>
          </params>
          <reporter-output>
          </reporter-output>
        </test-method> <!-- setUpClass -->
        <test-method signature="runScenario(io.cucumber.testng.PickleWrapper, io.cucumber.testng.FeatureWrapper)[pri:0, instance:runner.TestRunner@57250572]" started-at="2024-06-29T11:54:07Z" name="runScenario" description="Runs Cucumber Scenarios" data-provider="scenarios" finished-at="2024-06-29T11:54:21Z" duration-ms="13796" status="PASS">
          <params>
            <param index="0">
              <value>
                <![CDATA["Authorized user able to get user details"]]>
              </value>
            </param>
            <param index="1">
              <value>
                <![CDATA["Login to regres.in"]]>
              </value>
            </param>
          </params>
          <reporter-output>
          </reporter-output>
        </test-method> <!-- runScenario -->
        <test-method signature="runScenario(io.cucumber.testng.PickleWrapper, io.cucumber.testng.FeatureWrapper)[pri:0, instance:runner.TestRunner@57250572]" started-at="2024-06-29T11:54:21Z" name="runScenario" description="Runs Cucumber Scenarios" data-provider="scenarios" finished-at="2024-06-29T11:54:22Z" duration-ms="962" status="PASS">
          <params>
            <param index="0">
              <value>
                <![CDATA["Authorized user update user details"]]>
              </value>
            </param>
            <param index="1">
              <value>
                <![CDATA["Login to regres.in"]]>
              </value>
            </param>
          </params>
          <reporter-output>
          </reporter-output>
        </test-method> <!-- runScenario -->
        <test-method is-config="true" signature="tearDownClass()[pri:0, instance:runner.TestRunner@57250572]" started-at="2024-06-29T11:54:22Z" name="tearDownClass" finished-at="2024-06-29T11:54:26Z" duration-ms="4427" status="PASS">
          <reporter-output>
          </reporter-output>
        </test-method> <!-- tearDownClass -->
      </class> <!-- runner.TestRunner -->
    </test> <!-- Resgres_UpdateUser -->
  </suite> <!-- testsuite -->
</testng-results>
