<?xml version="1.0" encoding="UTF-8"?>
<testsuite xmlns:xsi="http://www.w3.org/2001/XMLSchema-instance" xsi:noNamespaceSchemaLocation="https://maven.apache.org/surefire/maven-surefire-plugin/xsd/surefire-test-report-3.0.xsd" version="3.0" name="TestSuite" time="23.314" tests="2" errors="0" skipped="0" failures="0">
  <properties>
[...]
</properties>
  <testcase name="runScenario[&quot;Authorized user able to get user details&quot;, &quot;Login to regres.in&quot;](1)" classname="runner.TestRunner" time="15.234">
    <system-out><![CDATA[
Scenario Outline: Authorized user able to get user details                                                           # src/test/features/UserUpdate.feature:13
06-29-2024 11:54:08 Hooks.java INFO  [pool-2-thread-1] stepDefinition.BaseClass 10 - Log4j initiated
  Given Url is given "BASE_URL"                                                                                      # org.reqres.stepDefinition.UserUpdate.url_is_given(java.lang.String)
{
    "data": {
        "id": 2,
        "email": "janet.weaver@reqres.in",
        "first_name": "Janet",
        "last_name": "Weaver",
        "avatar": "https://reqres.in/img/faces/2-image.jpg"
    },
    "support": {
        "url": "https://reqres.in/#support-heading",
        "text": "To keep ReqRes free, contributions towards server costs are appreciated!"
    }
}
  When System gets user ID 2                                                                                         # org.reqres.stepDefinition.UserUpdate.system_gets_user(java.lang.Integer)
06-29-2024 11:54:17 CommonFunctions.java INFO  [pool-2-thread-1] utils.CommonFunctions 79 - Response Code as expected200
06-29-2024 11:54:17 UserUpdate.java INFO  [pool-2-thread-1] stepDefinition.UserUpdate 31 - User Exist
  Then System verifies user exist 200                                                                                # org.reqres.stepDefinition.UserUpdate.verify_the_response_code(java.lang.Integer)
06-29-2024 11:54:21 UserUpdate.java INFO  [pool-2-thread-1] stepDefinition.UserUpdate 39 - 2
janet.weaver@reqres.in
Janet
Janet

06-29-2024 11:54:21 CommonFunctions.java INFO  [pool-2-thread-1] utils.CommonFunctions 55 - IDas expected
06-29-2024 11:54:21 CommonFunctions.java INFO  [pool-2-thread-1] utils.CommonFunctions 63 - Emailas expected
06-29-2024 11:54:21 CommonFunctions.java INFO  [pool-2-thread-1] utils.CommonFunctions 63 - FirstNameas expected
06-29-2024 11:54:21 CommonFunctions.java INFO  [pool-2-thread-1] utils.CommonFunctions 63 - LastNameas expected
06-29-2024 11:54:21 UserUpdate.java INFO  [pool-2-thread-1] stepDefinition.UserUpdate 44 - Get User Details Completed
  Then The response will return ID 2 and email "janet.weaver@reqres.in" and first name "Janet" and last name "Janet" # org.reqres.stepDefinition.UserUpdate.verify_the_user_details(java.lang.Integer,java.lang.String,java.lang.String,java.lang.String)
06-29-2024 11:54:21 Hooks.java INFO  [pool-2-thread-1] stepDefinition.BaseClass 18 -  Test Ended 
]]></system-out>
    <system-err><![CDATA[log4j:WARN No appenders could be found for logger (utils.ConfigFileReader).
log4j:WARN Please initialize the log4j system properly.
log4j:WARN See http://logging.apache.org/log4j/1.2/faq.html#noconfig for more info.
]]></system-err>
  </testcase>
  <testcase name="runScenario[&quot;Authorized user update user details&quot;, &quot;Login to regres.in&quot;](2)" classname="runner.TestRunner" time="0.214">
    <system-out><![CDATA[
Scenario Outline: Authorized user update user details                                 # src/test/features/UserUpdate.feature:22
06-29-2024 11:54:21 Hooks.java INFO  [pool-2-thread-1] stepDefinition.BaseClass 14 -  Test Started Starting 
06-29-2024 11:54:21 Hooks.java INFO  [pool-2-thread-1] stepDefinition.BaseClass 10 - Log4j initiated
  Given Url is given "BASE_URL"                                                       # org.reqres.stepDefinition.UserUpdate.url_is_given(java.lang.String)
{
    "name": "API Demo",
    "job": "API Tester",
    "updatedAt": "2024-06-29T06:24:21.866Z"
}
  When System updates user details name "API Demo" and job "API Tester" for user ID 2 # org.reqres.stepDefinition.UserUpdate.system_updates_user_details(java.lang.String,java.lang.String,java.lang.Integer)
06-29-2024 11:54:21 CommonFunctions.java INFO  [pool-2-thread-1] utils.CommonFunctions 79 - Response Code as expected200
06-29-2024 11:54:21 UserUpdate.java INFO  [pool-2-thread-1] stepDefinition.UserUpdate 31 - User Exist
  Then System verifies user exist 200                                                 # org.reqres.stepDefinition.UserUpdate.verify_the_response_code(java.lang.Integer)
06-29-2024 11:54:22 UserUpdate.java INFO  [pool-2-thread-1] stepDefinition.UserUpdate 57 - API Demo
API Tester
2024-06-29T06:24:21.866Z

06-29-2024 11:54:22 CommonFunctions.java INFO  [pool-2-thread-1] utils.CommonFunctions 63 - Nameas expected
06-29-2024 11:54:22 CommonFunctions.java INFO  [pool-2-thread-1] utils.CommonFunctions 63 - Jobas expected
06-29-2024 11:54:22 CommonFunctions.java INFO  [pool-2-thread-1] utils.CommonFunctions 71 - UpdatedAtvalue: 2024-06-29T06:24:21.866Zas expected
06-29-2024 11:54:22 UserUpdate.java INFO  [pool-2-thread-1] stepDefinition.UserUpdate 62 - Update User Details Completed
  Then The response will return name "API Demo" and job "API Tester" and updatedAt    # org.reqres.stepDefinition.UserUpdate.verify_the_user_details(java.lang.String,java.lang.String)
06-29-2024 11:54:22 Hooks.java INFO  [pool-2-thread-1] stepDefinition.BaseClass 18 -  Test Ended 
]]></system-out>
  </testcase>
</testsuite>