<?xml version="1.0" encoding="UTF-8"?>
<testng-results ignored="0" total="3" passed="0" failed="3" skipped="0">
  <reporter-output>
  </reporter-output>
  <suite started-at="2024-06-27T07:53:25 IST" name="testsuite" finished-at="2024-06-27T07:53:47 IST" duration-ms="21723">
    <groups>
    </groups>
    <test started-at="2024-06-27T07:53:25 IST" name="AjaxLoaderTest" finished-at="2024-06-27T07:53:47 IST" duration-ms="21723">
      <class name="regression.AjaxLoaderTest">
        <test-method is-config="true" signature="setup()[pri:0, instance:regression.AjaxLoaderTest@2ddc9a9f]" started-at="2024-06-27T07:53:24 IST" name="setup" finished-at="2024-06-27T07:53:25 IST" duration-ms="877" status="PASS">
          <reporter-output>
          </reporter-output>
        </test-method> <!-- setup -->
        <test-method is-config="true" signature="beforeTest()[pri:0, instance:regression.AjaxLoaderTest@2ddc9a9f]" started-at="2024-06-27T07:53:25 IST" name="beforeTest" finished-at="2024-06-27T07:53:25 IST" duration-ms="10" status="PASS">
          <reporter-output>
          </reporter-output>
        </test-method> <!-- beforeTest -->
        <test-method is-config="true" signature="setUp(org.testng.ITestResult)[pri:0, instance:regression.AjaxLoaderTest@2ddc9a9f]" started-at="2024-06-27T07:53:25 IST" name="setUp" finished-at="2024-06-27T07:53:43 IST" duration-ms="18438" status="PASS">
          <params>
            <param index="0">
              <value>
                <![CDATA[[TestResult name={null} status=CREATED method=AjaxLoaderTest.verifyAjaxLoadedComponent(java.lang.String)[pri:0, instance:regression.AjaxLoaderTest@2ddc9a9f] output={null}]]]>
              </value>
            </param>
          </params>
          <reporter-output>
          </reporter-output>
        </test-method> <!-- setUp -->
        <test-method signature="verifyAjaxLoadedComponent(java.lang.String)[pri:0, instance:regression.AjaxLoaderTest@2ddc9a9f]" started-at="2024-06-27T07:53:43 IST" name="verifyAjaxLoadedComponent" data-provider="testData" finished-at="2024-06-27T07:53:44 IST" duration-ms="32" status="FAIL">
          <params>
            <param index="0">
              <value>
                <![CDATA[Run1]]>
              </value>
            </param>
          </params>
          <exception class="java.lang.NullPointerException">
            <full-stacktrace>
              <![CDATA[java.lang.NullPointerException
at pages.AjaxLoaderPage.getAjaxLoaderLink(AjaxLoaderPage.java:29)
at regression.AjaxLoaderTest.verifyAjaxLoadedComponent(AjaxLoaderTest.java:21)
at java.base/jdk.internal.reflect.NativeMethodAccessorImpl.invoke0(Native Method)
at java.base/jdk.internal.reflect.NativeMethodAccessorImpl.invoke(NativeMethodAccessorImpl.java:62)
at java.base/jdk.internal.reflect.DelegatingMethodAccessorImpl.invoke(DelegatingMethodAccessorImpl.java:43)
at java.base/java.lang.reflect.Method.invoke(Method.java:566)
at org.testng.internal.invokers.MethodInvocationHelper.invokeMethod(MethodInvocationHelper.java:141)
at org.testng.internal.invokers.TestInvoker.invokeMethod(TestInvoker.java:686)
at org.testng.internal.invokers.TestInvoker.invokeTestMethod(TestInvoker.java:230)
at org.testng.internal.invokers.MethodRunner.runInSequence(MethodRunner.java:63)
at org.testng.internal.invokers.TestInvoker$MethodInvocationAgent.invoke(TestInvoker.java:992)
at org.testng.internal.invokers.TestInvoker.invokeTestMethods(TestInvoker.java:203)
at org.testng.internal.invokers.TestMethodWorker.invokeTestMethods(TestMethodWorker.java:154)
at org.testng.internal.invokers.TestMethodWorker.run(TestMethodWorker.java:134)
at java.base/java.util.concurrent.Executors$RunnableAdapter.call(Executors.java:515)
at java.base/java.util.concurrent.FutureTask.run(FutureTask.java:264)
at org.testng.internal.thread.graph.TestNGFutureTask.run(TestNGFutureTask.java:22)
at java.base/java.util.concurrent.ThreadPoolExecutor.runWorker(ThreadPoolExecutor.java:1128)
at java.base/java.util.concurrent.ThreadPoolExecutor$Worker.run(ThreadPoolExecutor.java:628)
at java.base/java.lang.Thread.run(Thread.java:834)
]]>
            </full-stacktrace>
          </exception> <!-- java.lang.NullPointerException -->
          <reporter-output>
          </reporter-output>
        </test-method> <!-- verifyAjaxLoadedComponent -->
        <test-method is-config="true" signature="burnDown()[pri:0, instance:regression.AjaxLoaderTest@2ddc9a9f]" started-at="2024-06-27T07:53:44 IST" name="burnDown" finished-at="2024-06-27T07:53:47 IST" duration-ms="2995" status="PASS">
          <reporter-output>
          </reporter-output>
        </test-method> <!-- burnDown -->
        <test-method is-config="true" signature="setUp(org.testng.ITestResult)[pri:0, instance:regression.AjaxLoaderTest@2ddc9a9f]" started-at="2024-06-27T07:53:47 IST" name="setUp" finished-at="2024-06-27T07:53:47 IST" duration-ms="1" status="PASS">
          <params>
            <param index="0">
              <value>
                <![CDATA[[TestResult name={null} status=CREATED method=AjaxLoaderTest.verifyAjaxLoadedComponent(java.lang.String)[pri:0, instance:regression.AjaxLoaderTest@2ddc9a9f] output={null}]]]>
              </value>
            </param>
          </params>
          <reporter-output>
          </reporter-output>
        </test-method> <!-- setUp -->
        <test-method signature="verifyAjaxLoadedComponent(java.lang.String)[pri:0, instance:regression.AjaxLoaderTest@2ddc9a9f]" started-at="2024-06-27T07:53:47 IST" name="verifyAjaxLoadedComponent" data-provider="testData" finished-at="2024-06-27T07:53:47 IST" duration-ms="1" status="FAIL">
          <params>
            <param index="0">
              <value>
                <![CDATA[Run2]]>
              </value>
            </param>
          </params>
          <exception class="java.lang.NullPointerException">
            <full-stacktrace>
              <![CDATA[java.lang.NullPointerException
at pages.AjaxLoaderPage.getAjaxLoaderLink(AjaxLoaderPage.java:29)
at regression.AjaxLoaderTest.verifyAjaxLoadedComponent(AjaxLoaderTest.java:21)
at java.base/jdk.internal.reflect.NativeMethodAccessorImpl.invoke0(Native Method)
at java.base/jdk.internal.reflect.NativeMethodAccessorImpl.invoke(NativeMethodAccessorImpl.java:62)
at java.base/jdk.internal.reflect.DelegatingMethodAccessorImpl.invoke(DelegatingMethodAccessorImpl.java:43)
at java.base/java.lang.reflect.Method.invoke(Method.java:566)
at org.testng.internal.invokers.MethodInvocationHelper.invokeMethod(MethodInvocationHelper.java:141)
at org.testng.internal.invokers.TestInvoker.invokeMethod(TestInvoker.java:686)
at org.testng.internal.invokers.TestInvoker.invokeTestMethod(TestInvoker.java:230)
at org.testng.internal.invokers.MethodRunner.runInSequence(MethodRunner.java:63)
at org.testng.internal.invokers.TestInvoker$MethodInvocationAgent.invoke(TestInvoker.java:992)
at org.testng.internal.invokers.TestInvoker.invokeTestMethods(TestInvoker.java:203)
at org.testng.internal.invokers.TestMethodWorker.invokeTestMethods(TestMethodWorker.java:154)
at org.testng.internal.invokers.TestMethodWorker.run(TestMethodWorker.java:134)
at java.base/java.util.concurrent.Executors$RunnableAdapter.call(Executors.java:515)
at java.base/java.util.concurrent.FutureTask.run(FutureTask.java:264)
at org.testng.internal.thread.graph.TestNGFutureTask.run(TestNGFutureTask.java:22)
at java.base/java.util.concurrent.ThreadPoolExecutor.runWorker(ThreadPoolExecutor.java:1128)
at java.base/java.util.concurrent.ThreadPoolExecutor$Worker.run(ThreadPoolExecutor.java:628)
at java.base/java.lang.Thread.run(Thread.java:834)
]]>
            </full-stacktrace>
          </exception> <!-- java.lang.NullPointerException -->
          <reporter-output>
          </reporter-output>
        </test-method> <!-- verifyAjaxLoadedComponent -->
        <test-method is-config="true" signature="burnDown()[pri:0, instance:regression.AjaxLoaderTest@2ddc9a9f]" started-at="2024-06-27T07:53:47 IST" name="burnDown" finished-at="2024-06-27T07:53:47 IST" duration-ms="2" status="PASS">
          <reporter-output>
          </reporter-output>
        </test-method> <!-- burnDown -->
        <test-method is-config="true" signature="setUp(org.testng.ITestResult)[pri:0, instance:regression.AjaxLoaderTest@2ddc9a9f]" started-at="2024-06-27T07:53:47 IST" name="setUp" finished-at="2024-06-27T07:53:47 IST" duration-ms="1" status="PASS">
          <params>
            <param index="0">
              <value>
                <![CDATA[[TestResult name={null} status=CREATED method=AjaxLoaderTest.verifyAjaxLoadedComponent(java.lang.String)[pri:0, instance:regression.AjaxLoaderTest@2ddc9a9f] output={null}]]]>
              </value>
            </param>
          </params>
          <reporter-output>
          </reporter-output>
        </test-method> <!-- setUp -->
        <test-method signature="verifyAjaxLoadedComponent(java.lang.String)[pri:0, instance:regression.AjaxLoaderTest@2ddc9a9f]" started-at="2024-06-27T07:53:47 IST" name="verifyAjaxLoadedComponent" data-provider="testData" finished-at="2024-06-27T07:53:47 IST" duration-ms="1" status="FAIL">
          <params>
            <param index="0">
              <value>
                <![CDATA[Run3]]>
              </value>
            </param>
          </params>
          <exception class="java.lang.NullPointerException">
            <full-stacktrace>
              <![CDATA[java.lang.NullPointerException
at pages.AjaxLoaderPage.getAjaxLoaderLink(AjaxLoaderPage.java:29)
at regression.AjaxLoaderTest.verifyAjaxLoadedComponent(AjaxLoaderTest.java:21)
at java.base/jdk.internal.reflect.NativeMethodAccessorImpl.invoke0(Native Method)
at java.base/jdk.internal.reflect.NativeMethodAccessorImpl.invoke(NativeMethodAccessorImpl.java:62)
at java.base/jdk.internal.reflect.DelegatingMethodAccessorImpl.invoke(DelegatingMethodAccessorImpl.java:43)
at java.base/java.lang.reflect.Method.invoke(Method.java:566)
at org.testng.internal.invokers.MethodInvocationHelper.invokeMethod(MethodInvocationHelper.java:141)
at org.testng.internal.invokers.TestInvoker.invokeMethod(TestInvoker.java:686)
at org.testng.internal.invokers.TestInvoker.invokeTestMethod(TestInvoker.java:230)
at org.testng.internal.invokers.MethodRunner.runInSequence(MethodRunner.java:63)
at org.testng.internal.invokers.TestInvoker$MethodInvocationAgent.invoke(TestInvoker.java:992)
at org.testng.internal.invokers.TestInvoker.invokeTestMethods(TestInvoker.java:203)
at org.testng.internal.invokers.TestMethodWorker.invokeTestMethods(TestMethodWorker.java:154)
at org.testng.internal.invokers.TestMethodWorker.run(TestMethodWorker.java:134)
at java.base/java.util.concurrent.Executors$RunnableAdapter.call(Executors.java:515)
at java.base/java.util.concurrent.FutureTask.run(FutureTask.java:264)
at org.testng.internal.thread.graph.TestNGFutureTask.run(TestNGFutureTask.java:22)
at java.base/java.util.concurrent.ThreadPoolExecutor.runWorker(ThreadPoolExecutor.java:1128)
at java.base/java.util.concurrent.ThreadPoolExecutor$Worker.run(ThreadPoolExecutor.java:628)
at java.base/java.lang.Thread.run(Thread.java:834)
]]>
            </full-stacktrace>
          </exception> <!-- java.lang.NullPointerException -->
          <reporter-output>
          </reporter-output>
        </test-method> <!-- verifyAjaxLoadedComponent -->
        <test-method is-config="true" signature="burnDown()[pri:0, instance:regression.AjaxLoaderTest@2ddc9a9f]" started-at="2024-06-27T07:53:47 IST" name="burnDown" finished-at="2024-06-27T07:53:47 IST" duration-ms="0" status="PASS">
          <reporter-output>
          </reporter-output>
        </test-method> <!-- burnDown -->
        <test-method is-config="true" signature="afterTest()[pri:0, instance:regression.AjaxLoaderTest@2ddc9a9f]" started-at="2024-06-27T07:53:47 IST" name="afterTest" finished-at="2024-06-27T07:53:47 IST" duration-ms="3" status="PASS">
          <reporter-output>
          </reporter-output>
        </test-method> <!-- afterTest -->
      </class> <!-- regression.AjaxLoaderTest -->
    </test> <!-- AjaxLoaderTest -->
  </suite> <!-- testsuite -->
</testng-results>
