<?xml version="1.0" encoding="UTF-8"?>
<!-- Generated by org.testng.reporters.JUnitXMLReporter -->
<testsuite hostname="DESKTOP-8G6OKCB" failures="0" tests="10" name="AjaxLoaderTest" time="325.163" errors="0" timestamp="29 Jun 2024 08:51:07 GMT">
  <testcase classname="regression.AjaxLoaderTest" name="verifyAjaxLoadedComponent" time="30.084"/>
  <testcase classname="regression.AjaxLoaderTest" name="verifyAjaxLoadedComponent" time="30.543"/>
  <testcase classname="regression.AjaxLoaderTest" name="verifyAjaxLoadedComponent" time="30.14"/>
  <testcase classname="regression.AjaxLoaderTest" name="verifyAjaxLoadedComponent" time="30.678"/>
  <testcase classname="regression.AjaxLoaderTest" name="verifyAjaxLoadedComponent" time="29.034"/>
  <testcase classname="regression.AjaxLoaderTest" name="verifyAjaxLoadedComponent" time="28.47"/>
  <testcase classname="regression.AjaxLoaderTest" name="verifyAjaxLoadedComponent" time="28.627"/>
  <testcase classname="regression.AjaxLoaderTest" name="verifyAjaxLoadedComponent" time="28.475"/>
  <testcase classname="regression.AjaxLoaderTest" name="verifyAjaxLoadedComponent" time="28.687"/>
  <testcase classname="regression.AjaxLoaderTest" name="verifyAjaxLoadedComponent" time="28.809"/>
</testsuite> <!-- AjaxLoaderTest -->
