<?xml version="1.0" encoding="UTF-8"?>
<testng-results ignored="0" total="2" passed="2" failed="0" skipped="0">
  <reporter-output>
  </reporter-output>
  <suite started-at="2024-06-29T11:43:43 IST" name="testsuite" finished-at="2024-06-29T11:43:52 IST" duration-ms="9298">
    <groups>
      <group name="cucumber">
        <method signature="AbstractTestNGCucumberTests.runScenario(io.cucumber.testng.PickleWrapper,io.cucumber.testng.FeatureWrapper)[pri:0, instance:runner.TestRunner@ec756bd]" name="runScenario" class="io.cucumber.testng.AbstractTestNGCucumberTests"/>
      </group> <!-- cucumber -->
    </groups>
    <test started-at="2024-06-29T11:43:43 IST" name="Resgres_UpdateUser" finished-at="2024-06-29T11:43:52 IST" duration-ms="9298">
      <class name="runner.TestRunner">
        <test-method is-config="true" signature="setUpClass(org.testng.ITestContext)[pri:0, instance:runner.TestRunner@ec756bd]" started-at="2024-06-29T11:43:43 IST" name="setUpClass" finished-at="2024-06-29T11:43:44 IST" duration-ms="1559" status="PASS">
          <params>
            <param index="0">
              <value>
                <![CDATA[org.testng.TestRunner@a514af7]]>
              </value>
            </param>
          </params>
          <reporter-output>
          </reporter-output>
        </test-method> <!-- setUpClass -->
        <test-method signature="runScenario(io.cucumber.testng.PickleWrapper,io.cucumber.testng.FeatureWrapper)[pri:0, instance:runner.TestRunner@ec756bd]" started-at="2024-06-29T11:43:44 IST" name="runScenario" description="Runs Cucumber Scenarios" data-provider="scenarios" finished-at="2024-06-29T11:43:50 IST" duration-ms="5533" status="PASS">
          <params>
            <param index="0">
              <value>
                <![CDATA["Authorized user able to get user details"]]>
              </value>
            </param>
            <param index="1">
              <value>
                <![CDATA["Login to regres.in"]]>
              </value>
            </param>
          </params>
          <reporter-output>
          </reporter-output>
        </test-method> <!-- runScenario -->
        <test-method signature="runScenario(io.cucumber.testng.PickleWrapper,io.cucumber.testng.FeatureWrapper)[pri:0, instance:runner.TestRunner@ec756bd]" started-at="2024-06-29T11:43:50 IST" name="runScenario" description="Runs Cucumber Scenarios" data-provider="scenarios" finished-at="2024-06-29T11:43:50 IST" duration-ms="593" status="PASS">
          <params>
            <param index="0">
              <value>
                <![CDATA["Authorized user update user details"]]>
              </value>
            </param>
            <param index="1">
              <value>
                <![CDATA["Login to regres.in"]]>
              </value>
            </param>
          </params>
          <reporter-output>
          </reporter-output>
        </test-method> <!-- runScenario -->
        <test-method is-config="true" signature="tearDownClass()[pri:0, instance:runner.TestRunner@ec756bd]" started-at="2024-06-29T11:43:50 IST" name="tearDownClass" finished-at="2024-06-29T11:43:52 IST" duration-ms="1512" status="PASS">
          <reporter-output>
          </reporter-output>
        </test-method> <!-- tearDownClass -->
      </class> <!-- runner.TestRunner -->
    </test> <!-- Resgres_UpdateUser -->
  </suite> <!-- testsuite -->
</testng-results>
