<?xml version="1.0" encoding="UTF-8"?>
<!-- Generated by org.testng.reporters.JUnitXMLReporter -->
<testsuite hostname="DESKTOP-8G6OKCB" failures="0" tests="10" name="AjaxLoaderTest" time="327.181" errors="0" timestamp="29 Jun 2024 06:32:47 GMT">
  <testcase classname="regression.AjaxLoaderTest" name="verifyAjaxLoadedComponent" time="30.149"/>
  <testcase classname="regression.AjaxLoaderTest" name="verifyAjaxLoadedComponent" time="29.336"/>
  <testcase classname="regression.AjaxLoaderTest" name="verifyAjaxLoadedComponent" time="28.61"/>
  <testcase classname="regression.AjaxLoaderTest" name="verifyAjaxLoadedComponent" time="29.034"/>
  <testcase classname="regression.AjaxLoaderTest" name="verifyAjaxLoadedComponent" time="28.84"/>
  <testcase classname="regression.AjaxLoaderTest" name="verifyAjaxLoadedComponent" time="28.974"/>
  <testcase classname="regression.AjaxLoaderTest" name="verifyAjaxLoadedComponent" time="29.389"/>
  <testcase classname="regression.AjaxLoaderTest" name="verifyAjaxLoadedComponent" time="30.088"/>
  <testcase classname="regression.AjaxLoaderTest" name="verifyAjaxLoadedComponent" time="29.233"/>
  <testcase classname="regression.AjaxLoaderTest" name="verifyAjaxLoadedComponent" time="29.121"/>
</testsuite> <!-- AjaxLoaderTest -->
