<?xml version="1.0" encoding="UTF-8"?>
<!-- Generated by org.testng.reporters.JUnitXMLReporter -->
<testsuite ignored="0" hostname="DESKTOP-8G6OKCB" failures="0" tests="2" name="Resgres_UpdateUser" time="9.298" errors="0" timestamp="2024-06-29T11:43:52 IST">
  <testcase classname="io.cucumber.testng.AbstractTestNGCucumberTests" name="runScenario" time="5.533"/>
  <testcase classname="io.cucumber.testng.AbstractTestNGCucumberTests" name="runScenario" time="0.593"/>
</testsuite> <!-- Resgres_UpdateUser -->
